<?xml version="1.0" encoding="UTF-8"?>
<robot generator="Robot 7.1.1 (Python 3.10.12 on linux)" generated="2024-11-15T14:09:02.046182" rpa="false" schemaversion="5">
<suite id="s1" name="Tests" source="/home/mcpaula/Documents/TKT2006 Ohjelmistotuotanto/webcounter/ohtu-webcounter/src/tests">
<suite id="s1-s1" name="Increment" source="/home/mcpaula/Documents/TKT2006 Ohjelmistotuotanto/webcounter/ohtu-webcounter/src/tests/increment.robot">
<kw name="Open And Configure Browser" owner="resource" type="SETUP">
<if>
<branch type="IF" condition="$BROWSER == 'chrome'">
<kw name="Evaluate" owner="BuiltIn">
<msg time="2024-11-15T14:09:02.128728" level="INFO">${options} = &lt;selenium.webdriver.chrome.options.Options object at 0x7f9f4f81ee60&gt;</msg>
<var>${options}</var>
<arg>sys.modules['selenium.webdriver'].ChromeOptions()</arg>
<arg>sys</arg>
<doc>Evaluates the given expression in Python and returns the result.</doc>
<status status="PASS" start="2024-11-15T14:09:02.128494" elapsed="0.000263"/>
</kw>
<status status="PASS" start="2024-11-15T14:09:02.126623" elapsed="0.002191"/>
</branch>
<branch type="ELSE IF" condition="$BROWSER == 'firefox'">
<kw name="Evaluate" owner="BuiltIn">
<var>${options}</var>
<arg>sys.modules['selenium.webdriver'].FirefoxOptions()</arg>
<arg>sys</arg>
<doc>Evaluates the given expression in Python and returns the result.</doc>
<status status="NOT RUN" start="2024-11-15T14:09:02.128923" elapsed="0.000020"/>
</kw>
<status status="NOT RUN" start="2024-11-15T14:09:02.128844" elapsed="0.000132"/>
</branch>
<status status="PASS" start="2024-11-15T14:09:02.126605" elapsed="0.002392"/>
</if>
<if>
<branch type="IF" condition="$HEADLESS == 'true'">
<kw name="Set Selenium Speed" owner="SeleniumLibrary">
<arg>0</arg>
<doc>Sets the delay that is waited after each Selenium command.</doc>
<status status="PASS" start="2024-11-15T14:09:02.129157" elapsed="0.000130"/>
</kw>
<kw name="Call Method" owner="BuiltIn">
<arg>${options}</arg>
<arg>add_argument</arg>
<arg>--headless</arg>
<doc>Calls the named method of the given object with the provided arguments.</doc>
<status status="PASS" start="2024-11-15T14:09:02.129365" elapsed="0.000111"/>
</kw>
<status status="PASS" start="2024-11-15T14:09:02.129035" elapsed="0.000476"/>
</branch>
<branch type="ELSE">
<kw name="Set Selenium Speed" owner="SeleniumLibrary">
<arg>${DELAY}</arg>
<doc>Sets the delay that is waited after each Selenium command.</doc>
<status status="NOT RUN" start="2024-11-15T14:09:02.129598" elapsed="0.000016"/>
</kw>
<status status="NOT RUN" start="2024-11-15T14:09:02.129533" elapsed="0.000108"/>
</branch>
<status status="PASS" start="2024-11-15T14:09:02.129024" elapsed="0.000636"/>
</if>
<kw name="Open Browser" owner="SeleniumLibrary">
<msg time="2024-11-15T14:09:02.129909" level="INFO">Opening browser 'chrome' to base url 'None'.</msg>
<msg time="2024-11-15T14:09:02.165042" level="WARN">The chromedriver version (130.0.6723.91) detected in PATH at /usr/bin/chromedriver might not be compatible with the detected chrome version (131.0.6778.69); currently, chromedriver 131.0.6778.69 is recommended for chrome 131.*, so it is advised to delete the driver in PATH and retry</msg>
<arg>browser=${BROWSER}</arg>
<arg>options=${options}</arg>
<doc>Opens a new browser instance to the optional ``url``.</doc>
<status status="PASS" start="2024-11-15T14:09:02.129726" elapsed="0.200724"/>
</kw>
<status status="PASS" start="2024-11-15T14:09:02.126439" elapsed="0.204131"/>
</kw>
<test id="s1-s1-t1" name="At start the counter is zero" line="7">
<kw name="Go To" owner="SeleniumLibrary">
<msg time="2024-11-15T14:09:02.331203" level="INFO">Opening url 'http://localhost:5001'</msg>
<arg>${HOME_URL}</arg>
<doc>Navigates the current browser window to the provided ``url``.</doc>
<status status="PASS" start="2024-11-15T14:09:02.330999" elapsed="0.036089"/>
</kw>
<kw name="Title Should Be" owner="SeleniumLibrary">
<msg time="2024-11-15T14:09:02.375226" level="INFO">Page title is 'Laskuri'.</msg>
<arg>Laskuri</arg>
<doc>Verifies that the current page title equals ``title``.</doc>
<status status="PASS" start="2024-11-15T14:09:02.367338" elapsed="0.008009"/>
</kw>
<kw name="Page Should Contain" owner="SeleniumLibrary">
<msg time="2024-11-15T14:09:02.384877" level="INFO">Current page contains text 'nappia painettu 0 kertaa'.</msg>
<arg>nappia painettu 0 kertaa</arg>
<doc>Verifies that current page contains ``text``.</doc>
<status status="PASS" start="2024-11-15T14:09:02.375667" elapsed="0.009310"/>
</kw>
<status status="PASS" start="2024-11-15T14:09:02.330657" elapsed="0.054551"/>
</test>
<test id="s1-s1-t2" name="When button pressed twice the counter is two" line="12">
<kw name="Go To" owner="SeleniumLibrary">
<msg time="2024-11-15T14:09:02.386276" level="INFO">Opening url 'http://localhost:5001'</msg>
<arg>${HOME_URL}</arg>
<doc>Navigates the current browser window to the provided ``url``.</doc>
<status status="PASS" start="2024-11-15T14:09:02.385868" elapsed="0.018086"/>
</kw>
<kw name="Click Button" owner="SeleniumLibrary">
<msg time="2024-11-15T14:09:02.405820" level="INFO">Clicking button 'Paina'.</msg>
<arg>Paina</arg>
<doc>Clicks the button identified by ``locator``.</doc>
<status status="PASS" start="2024-11-15T14:09:02.404768" elapsed="0.070974"/>
</kw>
<kw name="Click Button" owner="SeleniumLibrary">
<msg time="2024-11-15T14:09:02.476626" level="INFO">Clicking button 'Paina'.</msg>
<arg>Paina</arg>
<doc>Clicks the button identified by ``locator``.</doc>
<status status="PASS" start="2024-11-15T14:09:02.476274" elapsed="0.042183"/>
</kw>
<kw name="Page Should Contain" owner="SeleniumLibrary">
<msg time="2024-11-15T14:09:02.537187" level="INFO">Current page contains text 'nappia painettu 2 kertaa'.</msg>
<arg>nappia painettu 2 kertaa</arg>
<doc>Verifies that current page contains ``text``.</doc>
<status status="PASS" start="2024-11-15T14:09:02.518836" elapsed="0.018587"/>
</kw>
<status status="PASS" start="2024-11-15T14:09:02.385443" elapsed="0.152584"/>
</test>
<kw name="Close Browser" owner="SeleniumLibrary" type="TEARDOWN">
<doc>Closes the current browser.</doc>
<status status="PASS" start="2024-11-15T14:09:02.540079" elapsed="0.059451"/>
</kw>
<status status="PASS" start="2024-11-15T14:09:02.057279" elapsed="0.542349"/>
</suite>
<suite id="s1-s2" name="Reset" source="/home/mcpaula/Documents/TKT2006 Ohjelmistotuotanto/webcounter/ohtu-webcounter/src/tests/reset.robot">
<kw name="Open And Configure Browser" owner="resource" type="SETUP">
<if>
<branch type="IF" condition="$BROWSER == 'chrome'">
<kw name="Evaluate" owner="BuiltIn">
<msg time="2024-11-15T14:09:02.602715" level="INFO">${options} = &lt;selenium.webdriver.chrome.options.Options object at 0x7f9f4f6b5780&gt;</msg>
<var>${options}</var>
<arg>sys.modules['selenium.webdriver'].ChromeOptions()</arg>
<arg>sys</arg>
<doc>Evaluates the given expression in Python and returns the result.</doc>
<status status="PASS" start="2024-11-15T14:09:02.602517" elapsed="0.000223"/>
</kw>
<status status="PASS" start="2024-11-15T14:09:02.602304" elapsed="0.000482"/>
</branch>
<branch type="ELSE IF" condition="$BROWSER == 'firefox'">
<kw name="Evaluate" owner="BuiltIn">
<var>${options}</var>
<arg>sys.modules['selenium.webdriver'].FirefoxOptions()</arg>
<arg>sys</arg>
<doc>Evaluates the given expression in Python and returns the result.</doc>
<status status="NOT RUN" start="2024-11-15T14:09:02.602897" elapsed="0.000019"/>
</kw>
<status status="NOT RUN" start="2024-11-15T14:09:02.602819" elapsed="0.000129"/>
</branch>
<status status="PASS" start="2024-11-15T14:09:02.602287" elapsed="0.000680"/>
</if>
<if>
<branch type="IF" condition="$HEADLESS == 'true'">
<kw name="Set Selenium Speed" owner="SeleniumLibrary">
<arg>0</arg>
<doc>Sets the delay that is waited after each Selenium command.</doc>
<status status="PASS" start="2024-11-15T14:09:02.603118" elapsed="0.000116"/>
</kw>
<kw name="Call Method" owner="BuiltIn">
<arg>${options}</arg>
<arg>add_argument</arg>
<arg>--headless</arg>
<doc>Calls the named method of the given object with the provided arguments.</doc>
<status status="PASS" start="2024-11-15T14:09:02.603305" elapsed="0.000113"/>
</kw>
<status status="PASS" start="2024-11-15T14:09:02.603003" elapsed="0.000450"/>
</branch>
<branch type="ELSE">
<kw name="Set Selenium Speed" owner="SeleniumLibrary">
<arg>${DELAY}</arg>
<doc>Sets the delay that is waited after each Selenium command.</doc>
<status status="NOT RUN" start="2024-11-15T14:09:02.603606" elapsed="0.000018"/>
</kw>
<status status="NOT RUN" start="2024-11-15T14:09:02.603526" elapsed="0.000129"/>
</branch>
<status status="PASS" start="2024-11-15T14:09:02.602994" elapsed="0.000680"/>
</if>
<kw name="Open Browser" owner="SeleniumLibrary">
<msg time="2024-11-15T14:09:02.603904" level="INFO">Opening browser 'chrome' to base url 'None'.</msg>
<msg time="2024-11-15T14:09:02.643201" level="WARN">The chromedriver version (130.0.6723.91) detected in PATH at /usr/bin/chromedriver might not be compatible with the detected chrome version (131.0.6778.69); currently, chromedriver 131.0.6778.69 is recommended for chrome 131.*, so it is advised to delete the driver in PATH and retry</msg>
<arg>browser=${BROWSER}</arg>
<arg>options=${options}</arg>
<doc>Opens a new browser instance to the optional ``url``.</doc>
<status status="PASS" start="2024-11-15T14:09:02.603740" elapsed="0.210391"/>
</kw>
<status status="PASS" start="2024-11-15T14:09:02.602156" elapsed="0.212101"/>
</kw>
<test id="s1-s2-t1" name="When counter has a nonzero value and it is reset the value becomes zero" line="7">
<kw name="Go To" owner="SeleniumLibrary">
<msg time="2024-11-15T14:09:02.814846" level="INFO">Opening url 'http://localhost:5001'</msg>
<arg>${HOME_URL}</arg>
<doc>Navigates the current browser window to the provided ``url``.</doc>
<status status="PASS" start="2024-11-15T14:09:02.814693" elapsed="0.036598"/>
</kw>
<kw name="Click Button" owner="SeleniumLibrary">
<msg time="2024-11-15T14:09:02.851829" level="INFO">Clicking button 'Nollaa'.</msg>
<arg>Nollaa</arg>
<doc>Clicks the button identified by ``locator``.</doc>
<status status="PASS" start="2024-11-15T14:09:02.851544" elapsed="0.056510"/>
</kw>
<kw name="Page Should Contain" owner="SeleniumLibrary">
<msg time="2024-11-15T14:09:02.923322" level="INFO">Current page contains text 'nappia painettu 0 kertaa'.</msg>
<arg>nappia painettu 0 kertaa</arg>
<doc>Verifies that current page contains ``text``.</doc>
<status status="PASS" start="2024-11-15T14:09:02.908487" elapsed="0.015049"/>
</kw>
<kw name="Click Button" owner="SeleniumLibrary">
<msg time="2024-11-15T14:09:02.924249" level="INFO">Clicking button 'Paina'.</msg>
<arg>Paina</arg>
<doc>Clicks the button identified by ``locator``.</doc>
<status status="PASS" start="2024-11-15T14:09:02.923956" elapsed="0.051018"/>
</kw>
<kw name="Page Should Contain" owner="SeleniumLibrary">
<msg time="2024-11-15T14:09:02.988697" level="INFO">Current page contains text 'nappia painettu 1 kertaa'.</msg>
<arg>nappia painettu 1 kertaa</arg>
<doc>Verifies that current page contains ``text``.</doc>
<status status="PASS" start="2024-11-15T14:09:02.975686" elapsed="0.013137"/>
</kw>
<kw name="Click Button" owner="SeleniumLibrary">
<msg time="2024-11-15T14:09:02.989599" level="INFO">Clicking button 'Nollaa'.</msg>
<arg>Nollaa</arg>
<doc>Clicks the button identified by ``locator``.</doc>
<status status="PASS" start="2024-11-15T14:09:02.989160" elapsed="0.055696"/>
</kw>
<kw name="Page Should Contain" owner="SeleniumLibrary">
<msg time="2024-11-15T14:09:03.052559" level="INFO">Current page contains text 'nappia painettu 0 kertaa'.</msg>
<arg>nappia painettu 0 kertaa</arg>
<doc>Verifies that current page contains ``text``.</doc>
<status status="PASS" start="2024-11-15T14:09:03.045226" elapsed="0.007475"/>
</kw>
<status status="PASS" start="2024-11-15T14:09:02.814340" elapsed="0.238800"/>
</test>
<kw name="Close Browser" owner="SeleniumLibrary" type="TEARDOWN">
<doc>Closes the current browser.</doc>
<status status="PASS" start="2024-11-15T14:09:03.054184" elapsed="0.059456"/>
</kw>
<status status="PASS" start="2024-11-15T14:09:02.600173" elapsed="0.513570"/>
</suite>
<suite id="s1-s3" name="Set Value" source="/home/mcpaula/Documents/TKT2006 Ohjelmistotuotanto/webcounter/ohtu-webcounter/src/tests/set_value.robot">
<kw name="Open And Configure Browser" owner="resource" type="SETUP">
<if>
<branch type="IF" condition="$BROWSER == 'chrome'">
<kw name="Evaluate" owner="BuiltIn">
<msg time="2024-11-15T14:09:03.116352" level="INFO">${options} = &lt;selenium.webdriver.chrome.options.Options object at 0x7f9f4f6b6890&gt;</msg>
<var>${options}</var>
<arg>sys.modules['selenium.webdriver'].ChromeOptions()</arg>
<arg>sys</arg>
<doc>Evaluates the given expression in Python and returns the result.</doc>
<status status="PASS" start="2024-11-15T14:09:03.116188" elapsed="0.000192"/>
</kw>
<status status="PASS" start="2024-11-15T14:09:03.116032" elapsed="0.000408"/>
</branch>
<branch type="ELSE IF" condition="$BROWSER == 'firefox'">
<kw name="Evaluate" owner="BuiltIn">
<var>${options}</var>
<arg>sys.modules['selenium.webdriver'].FirefoxOptions()</arg>
<arg>sys</arg>
<doc>Evaluates the given expression in Python and returns the result.</doc>
<status status="NOT RUN" start="2024-11-15T14:09:03.116547" elapsed="0.000017"/>
</kw>
<status status="NOT RUN" start="2024-11-15T14:09:03.116468" elapsed="0.000125"/>
</branch>
<status status="PASS" start="2024-11-15T14:09:03.116017" elapsed="0.000596"/>
</if>
<if>
<branch type="IF" condition="$HEADLESS == 'true'">
<kw name="Set Selenium Speed" owner="SeleniumLibrary">
<arg>0</arg>
<doc>Sets the delay that is waited after each Selenium command.</doc>
<status status="PASS" start="2024-11-15T14:09:03.116774" elapsed="0.000123"/>
</kw>
<kw name="Call Method" owner="BuiltIn">
<arg>${options}</arg>
<arg>add_argument</arg>
<arg>--headless</arg>
<doc>Calls the named method of the given object with the provided arguments.</doc>
<status status="PASS" start="2024-11-15T14:09:03.116969" elapsed="0.000099"/>
</kw>
<status status="PASS" start="2024-11-15T14:09:03.116645" elapsed="0.000458"/>
</branch>
<branch type="ELSE">
<kw name="Set Selenium Speed" owner="SeleniumLibrary">
<arg>${DELAY}</arg>
<doc>Sets the delay that is waited after each Selenium command.</doc>
<status status="NOT RUN" start="2024-11-15T14:09:03.117190" elapsed="0.000018"/>
</kw>
<status status="NOT RUN" start="2024-11-15T14:09:03.117129" elapsed="0.000106"/>
</branch>
<status status="PASS" start="2024-11-15T14:09:03.116636" elapsed="0.000619"/>
</if>
<kw name="Open Browser" owner="SeleniumLibrary">
<msg time="2024-11-15T14:09:03.117518" level="INFO">Opening browser 'chrome' to base url 'None'.</msg>
<msg time="2024-11-15T14:09:03.151821" level="WARN">The chromedriver version (130.0.6723.91) detected in PATH at /usr/bin/chromedriver might not be compatible with the detected chrome version (131.0.6778.69); currently, chromedriver 131.0.6778.69 is recommended for chrome 131.*, so it is advised to delete the driver in PATH and retry</msg>
<arg>browser=${BROWSER}</arg>
<arg>options=${options}</arg>
<doc>Opens a new browser instance to the optional ``url``.</doc>
<status status="PASS" start="2024-11-15T14:09:03.117320" elapsed="0.201715"/>
</kw>
<status status="PASS" start="2024-11-15T14:09:03.115909" elapsed="0.203243"/>
</kw>
<test id="s1-s3-t1" name="When counter has a nonzero value and it is reset the value becomes zero" line="7">
<kw name="Go To" owner="SeleniumLibrary">
<msg time="2024-11-15T14:09:03.319757" level="INFO">Opening url 'http://localhost:5001'</msg>
<arg>${HOME_URL}</arg>
<doc>Navigates the current browser window to the provided ``url``.</doc>
<status status="PASS" start="2024-11-15T14:09:03.319600" elapsed="0.039677"/>
</kw>
<kw name="Click Button" owner="SeleniumLibrary">
<msg time="2024-11-15T14:09:03.359823" level="INFO">Clicking button 'Nollaa'.</msg>
<arg>Nollaa</arg>
<doc>Clicks the button identified by ``locator``.</doc>
<status status="PASS" start="2024-11-15T14:09:03.359591" elapsed="0.054076"/>
</kw>
<kw name="Input Text" owner="SeleniumLibrary">
<msg time="2024-11-15T14:09:03.414218" level="INFO">Typing text '12' into text field 'new_value'.</msg>
<arg>new_value</arg>
<arg>12</arg>
<doc>Types the given ``text`` into the text field identified by ``locator``.</doc>
<status status="PASS" start="2024-11-15T14:09:03.413970" elapsed="0.069863"/>
</kw>
<kw name="Click Button" owner="SeleniumLibrary">
<msg time="2024-11-15T14:09:03.484435" level="INFO">Clicking button 'aseta'.</msg>
<arg>aseta</arg>
<doc>Clicks the button identified by ``locator``.</doc>
<status status="PASS" start="2024-11-15T14:09:03.484196" elapsed="0.048500"/>
</kw>
<kw name="Page Should Contain" owner="SeleniumLibrary">
<msg time="2024-11-15T14:09:03.554853" level="INFO">Current page contains text 'nappia painettu 12 kertaa'.</msg>
<arg>nappia painettu 12 kertaa</arg>
<doc>Verifies that current page contains ``text``.</doc>
<status status="PASS" start="2024-11-15T14:09:03.533036" elapsed="0.021950"/>
</kw>
<status status="PASS" start="2024-11-15T14:09:03.319232" elapsed="0.236049"/>
</test>
<kw name="Close Browser" owner="SeleniumLibrary" type="TEARDOWN">
<doc>Closes the current browser.</doc>
<status status="PASS" start="2024-11-15T14:09:03.556914" elapsed="0.060501"/>
</kw>
<status status="PASS" start="2024-11-15T14:09:03.114259" elapsed="0.503423"/>
</suite>
<status status="PASS" start="2024-11-15T14:09:02.046911" elapsed="1.571515"/>
</suite>
<statistics>
<total>
<stat pass="4" fail="0" skip="0">All Tests</stat>
</total>
<tag>
</tag>
<suite>
<stat pass="4" fail="0" skip="0" id="s1" name="Tests">Tests</stat>
<stat pass="2" fail="0" skip="0" id="s1-s1" name="Increment">Tests.Increment</stat>
<stat pass="1" fail="0" skip="0" id="s1-s2" name="Reset">Tests.Reset</stat>
<stat pass="1" fail="0" skip="0" id="s1-s3" name="Set Value">Tests.Set Value</stat>
</suite>
</statistics>
<errors>
<msg time="2024-11-15T14:09:02.165042" level="WARN">The chromedriver version (130.0.6723.91) detected in PATH at /usr/bin/chromedriver might not be compatible with the detected chrome version (131.0.6778.69); currently, chromedriver 131.0.6778.69 is recommended for chrome 131.*, so it is advised to delete the driver in PATH and retry</msg>
<msg time="2024-11-15T14:09:02.643201" level="WARN">The chromedriver version (130.0.6723.91) detected in PATH at /usr/bin/chromedriver might not be compatible with the detected chrome version (131.0.6778.69); currently, chromedriver 131.0.6778.69 is recommended for chrome 131.*, so it is advised to delete the driver in PATH and retry</msg>
<msg time="2024-11-15T14:09:03.151821" level="WARN">The chromedriver version (130.0.6723.91) detected in PATH at /usr/bin/chromedriver might not be compatible with the detected chrome version (131.0.6778.69); currently, chromedriver 131.0.6778.69 is recommended for chrome 131.*, so it is advised to delete the driver in PATH and retry</msg>
</errors>
</robot>
